Build started 12-Dec-2016 5:24:09 PM.
     1>Project "E:\University\Semester 7\Graphics\Project\LittleBigUniverse\OpenGLMeshLoader\OpenGLMeshLoader.vcxproj" on node 2 (Build target(s)).
     1>C:\Program Files (x86)\MSBuild\Microsoft.Cpp\v4.0\V140\Microsoft.CppBuild.targets(392,5): warning MSB8028: The intermediate directory (Debug\) contains files shared from another project (OpenGLMeshLoader.vcxproj).  This can lead to incorrect clean and rebuild behavior.
     1>ClCompile:
         C:\Program Files (x86)\Microsoft Visual Studio 14.0\VC\bin\CL.exe /c /I"E:\University\Semester 7\Graphics\Project\LittleBigUniverse\OpenGLMeshLoader\Debug\\.." /ZI /nologo /W3 /WX- /Od /Oy- /D WIN32 /D _DEBUG /D _CONSOLE /D _MBCS /Gm /EHsc /RTC1 /MDd /GS /fp:precise /Zc:wchar_t /Zc:forScope /Zc:inline /Fo"Debug\\" /Fd"Debug\vc140.pdb" /Gd /TP /analyze- /errorReport:prompt GLTexture.cpp Model_3DS.cpp LittleBigUniverse.cpp
         LittleBigUniverse.cpp
     1>e:\university\semester 7\graphics\project\littlebiguniverse\openglmeshloader\texturebuilder.h(27): warning C4244: 'argument': conversion from 'int' to 'GLfloat', possible loss of data
     1>e:\university\semester 7\graphics\project\littlebiguniverse\openglmeshloader\texturebuilder.h(28): warning C4244: 'argument': conversion from 'int' to 'GLfloat', possible loss of data
     1>e:\university\semester 7\graphics\project\littlebiguniverse\openglmeshloader\littlebiguniverse.cpp(54): warning C4200: nonstandard extension used: zero-sized array in struct/union
         e:\university\semester 7\graphics\project\littlebiguniverse\openglmeshloader\littlebiguniverse.cpp(54): note: Cannot generate copy-ctor or copy-assignment operator when UDT contains a zero-sized array
     1>e:\university\semester 7\graphics\project\littlebiguniverse\openglmeshloader\littlebiguniverse.cpp(318): warning C4838: conversion from 'double' to 'GLfloat' requires a narrowing conversion
     1>e:\university\semester 7\graphics\project\littlebiguniverse\openglmeshloader\littlebiguniverse.cpp(321): warning C4838: conversion from 'double' to 'GLfloat' requires a narrowing conversion
     1>e:\university\semester 7\graphics\project\littlebiguniverse\openglmeshloader\littlebiguniverse.cpp(456): warning C4838: conversion from 'double' to 'GLfloat' requires a narrowing conversion
         Model_3DS.cpp
         e:\university\semester 7\graphics\project\littlebiguniverse\openglmeshloader\model_3ds.cpp(78) : You need to uncomment this if you are using MFC
         
     1>e:\university\semester 7\graphics\project\littlebiguniverse\openglmeshloader\model_3ds.cpp(183): warning C4996: 'strtok': This function or variable may be unsafe. Consider using strtok_s instead. To disable deprecation, use _CRT_SECURE_NO_WARNINGS. See online help for details.
         c:\program files (x86)\windows kits\10\include\10.0.10150.0\ucrt\string.h(453): note: see declaration of 'strtok'
     1>e:\university\semester 7\graphics\project\littlebiguniverse\openglmeshloader\model_3ds.cpp(213): warning C4996: 'fopen': This function or variable may be unsafe. Consider using fopen_s instead. To disable deprecation, use _CRT_SECURE_NO_WARNINGS. See online help for details.
         c:\program files (x86)\windows kits\10\include\10.0.10150.0\ucrt\stdio.h(205): note: see declaration of 'fopen'
     1>e:\university\semester 7\graphics\project\littlebiguniverse\openglmeshloader\model_3ds.cpp(765): warning C4996: 'sprintf': This function or variable may be unsafe. Consider using sprintf_s instead. To disable deprecation, use _CRT_SECURE_NO_WARNINGS. See online help for details.
         c:\program files (x86)\windows kits\10\include\10.0.10150.0\ucrt\stdio.h(1769): note: see declaration of 'sprintf'
         GLTexture.cpp
     1>e:\university\semester 7\graphics\project\littlebiguniverse\openglmeshloader\gltexture.cpp(63): warning C4996: '_strlwr': This function or variable may be unsafe. Consider using _strlwr_s instead. To disable deprecation, use _CRT_SECURE_NO_WARNINGS. See online help for details.
         c:\program files (x86)\windows kits\10\include\10.0.10150.0\ucrt\string.h(233): note: see declaration of '_strlwr'
     1>e:\university\semester 7\graphics\project\littlebiguniverse\openglmeshloader\gltexture.cpp(67): warning C4996: 'strtok': This function or variable may be unsafe. Consider using strtok_s instead. To disable deprecation, use _CRT_SECURE_NO_WARNINGS. See online help for details.
         c:\program files (x86)\windows kits\10\include\10.0.10150.0\ucrt\string.h(453): note: see declaration of 'strtok'
     1>e:\university\semester 7\graphics\project\littlebiguniverse\openglmeshloader\gltexture.cpp(79): warning C4996: '_strlwr': This function or variable may be unsafe. Consider using _strlwr_s instead. To disable deprecation, use _CRT_SECURE_NO_WARNINGS. See online help for details.
         c:\program files (x86)\windows kits\10\include\10.0.10150.0\ucrt\string.h(233): note: see declaration of '_strlwr'
     1>e:\university\semester 7\graphics\project\littlebiguniverse\openglmeshloader\gltexture.cpp(83): warning C4996: 'strtok': This function or variable may be unsafe. Consider using strtok_s instead. To disable deprecation, use _CRT_SECURE_NO_WARNINGS. See online help for details.
         c:\program files (x86)\windows kits\10\include\10.0.10150.0\ucrt\string.h(453): note: see declaration of 'strtok'
     1>e:\university\semester 7\graphics\project\littlebiguniverse\openglmeshloader\gltexture.cpp(95): warning C4996: '_strlwr': This function or variable may be unsafe. Consider using _strlwr_s instead. To disable deprecation, use _CRT_SECURE_NO_WARNINGS. See online help for details.
         c:\program files (x86)\windows kits\10\include\10.0.10150.0\ucrt\string.h(233): note: see declaration of '_strlwr'
     1>e:\university\semester 7\graphics\project\littlebiguniverse\openglmeshloader\gltexture.cpp(119): warning C4996: '_strlwr': This function or variable may be unsafe. Consider using _strlwr_s instead. To disable deprecation, use _CRT_SECURE_NO_WARNINGS. See online help for details.
         c:\program files (x86)\windows kits\10\include\10.0.10150.0\ucrt\string.h(233): note: see declaration of '_strlwr'
     1>e:\university\semester 7\graphics\project\littlebiguniverse\openglmeshloader\gltexture.cpp(123): warning C4996: 'strtok': This function or variable may be unsafe. Consider using strtok_s instead. To disable deprecation, use _CRT_SECURE_NO_WARNINGS. See online help for details.
         c:\program files (x86)\windows kits\10\include\10.0.10150.0\ucrt\string.h(453): note: see declaration of 'strtok'
     1>e:\university\semester 7\graphics\project\littlebiguniverse\openglmeshloader\gltexture.cpp(234): warning C4996: 'fopen': This function or variable may be unsafe. Consider using fopen_s instead. To disable deprecation, use _CRT_SECURE_NO_WARNINGS. See online help for details.
         c:\program files (x86)\windows kits\10\include\10.0.10150.0\ucrt\stdio.h(205): note: see declaration of 'fopen'
         Generating Code...
       Link:
         C:\Program Files (x86)\Microsoft Visual Studio 14.0\VC\bin\link.exe /ERRORREPORT:PROMPT /OUT:"E:\University\Semester 7\Graphics\Project\LittleBigUniverse\OpenGLMeshLoader\Debug\LittleBigUniverse.exe" /INCREMENTAL:NO /NOLOGO /LIBPATH:"E:\University\Semester 7\Graphics\Project\LittleBigUniverse\OpenGLMeshLoader\Debug\\.." glut32.lib legacy_stdio_definitions.lib SOIL.lib kernel32.lib user32.lib gdi32.lib winspool.lib comdlg32.lib advapi32.lib shell32.lib ole32.lib oleaut32.lib uuid.lib odbc32.lib odbccp32.lib /MANIFEST /MANIFESTUAC:"level='asInvoker' uiAccess='false'" /manifest:embed /Debug /PDB:"E:\University\Semester 7\Graphics\Project\LittleBigUniverse\OpenGLMeshLoader\Debug\LittleBigUniverse.pdb" /SUBSYSTEM:CONSOLE /TLBID:1 /DYNAMICBASE /NXCOMPAT /IMPLIB:"E:\University\Semester 7\Graphics\Project\LittleBigUniverse\OpenGLMeshLoader\Debug\LittleBigUniverse.lib" /MACHINE:X86 Debug\GLTexture.obj
         Debug\Model_3DS.obj
         Debug\LittleBigUniverse.obj
     1>GLTexture.obj : warning LNK4075: ignoring '/EDITANDCONTINUE' due to '/OPT:LBR' specification
     1>SOIL.lib(image_DXT.obj) : warning LNK4099: PDB 'SOIL.pdb' was not found with 'SOIL.lib(image_DXT.obj)' or at 'E:\University\Semester 7\Graphics\Project\LittleBigUniverse\OpenGLMeshLoader\Debug\SOIL.pdb'; linking object as if no debug info
     1>SOIL.lib(image_helper.obj) : warning LNK4099: PDB 'SOIL.pdb' was not found with 'SOIL.lib(image_helper.obj)' or at 'E:\University\Semester 7\Graphics\Project\LittleBigUniverse\OpenGLMeshLoader\Debug\SOIL.pdb'; linking object as if no debug info
     1>SOIL.lib(SOIL.obj) : warning LNK4099: PDB 'SOIL.pdb' was not found with 'SOIL.lib(SOIL.obj)' or at 'E:\University\Semester 7\Graphics\Project\LittleBigUniverse\OpenGLMeshLoader\Debug\SOIL.pdb'; linking object as if no debug info
     1>SOIL.lib(stb_image_aug.obj) : warning LNK4099: PDB 'SOIL.pdb' was not found with 'SOIL.lib(stb_image_aug.obj)' or at 'E:\University\Semester 7\Graphics\Project\LittleBigUniverse\OpenGLMeshLoader\Debug\SOIL.pdb'; linking object as if no debug info
         OpenGLMeshLoader.vcxproj -> E:\University\Semester 7\Graphics\Project\LittleBigUniverse\OpenGLMeshLoader\Debug\LittleBigUniverse.exe
     1>Done Building Project "E:\University\Semester 7\Graphics\Project\LittleBigUniverse\OpenGLMeshLoader\OpenGLMeshLoader.vcxproj" (Build target(s)).

Build succeeded.

Time Elapsed 00:00:05.81
